Cloning into 'spotifyvisual'...
Requirement already satisfied (use --upgrade to upgrade): asn1crypto==0.22.0 in /var/opt/spotifyvisual/lib/python2.7/site-packages (from -r requirements.txt (line 1))
Requirement already satisfied (use --upgrade to upgrade): certifi==2017.7.27.1 in /var/opt/spotifyvisual/lib/python2.7/site-packages (from -r requirements.txt (line 2))
Requirement already satisfied (use --upgrade to upgrade): cffi==1.10.0 in /var/opt/spotifyvisual/lib/python2.7/site-packages (from -r requirements.txt (line 3))
Requirement already satisfied (use --upgrade to upgrade): chardet==3.0.4 in /var/opt/spotifyvisual/lib/python2.7/site-packages (from -r requirements.txt (line 4))
Requirement already satisfied (use --upgrade to upgrade): cryptography==2.0.3 in /var/opt/spotifyvisual/lib/python2.7/site-packages (from -r requirements.txt (line 5))
Requirement already satisfied (use --upgrade to upgrade): Django==1.11.4 in /var/opt/spotifyvisual/lib/python2.7/site-packages (from -r requirements.txt (line 6))
Requirement already satisfied (use --upgrade to upgrade): django-filter==1.0.4 in /var/opt/spotifyvisual/lib/python2.7/site-packages (from -r requirements.txt (line 7))
Requirement already satisfied (use --upgrade to upgrade): djangorestframework==3.6.4 in /var/opt/spotifyvisual/lib/python2.7/site-packages (from -r requirements.txt (line 8))
Requirement already satisfied (use --upgrade to upgrade): enum34==1.1.6 in /var/opt/spotifyvisual/lib/python2.7/site-packages (from -r requirements.txt (line 9))
Requirement already satisfied (use --upgrade to upgrade): gunicorn==19.7.1 in /var/opt/spotifyvisual/lib/python2.7/site-packages (from -r requirements.txt (line 10))
Requirement already satisfied (use --upgrade to upgrade): idna==2.6 in /var/opt/spotifyvisual/lib/python2.7/site-packages (from -r requirements.txt (line 11))
Requirement already satisfied (use --upgrade to upgrade): ipaddress==1.0.18 in /var/opt/spotifyvisual/lib/python2.7/site-packages (from -r requirements.txt (line 12))
Requirement already satisfied (use --upgrade to upgrade): Markdown==2.6.9 in /var/opt/spotifyvisual/lib/python2.7/site-packages (from -r requirements.txt (line 13))
Requirement already satisfied (use --upgrade to upgrade): psycopg2==2.7.3.1 in /var/opt/spotifyvisual/lib/python2.7/site-packages (from -r requirements.txt (line 14))
Requirement already satisfied (use --upgrade to upgrade): pycparser==2.18 in /var/opt/spotifyvisual/lib/python2.7/site-packages (from -r requirements.txt (line 15))
Requirement already satisfied (use --upgrade to upgrade): pyOpenSSL==17.2.0 in /var/opt/spotifyvisual/lib/python2.7/site-packages (from -r requirements.txt (line 16))
Requirement already satisfied (use --upgrade to upgrade): pytz==2017.2 in /var/opt/spotifyvisual/lib/python2.7/site-packages (from -r requirements.txt (line 17))
Requirement already satisfied (use --upgrade to upgrade): requests==2.18.4 in /var/opt/spotifyvisual/lib/python2.7/site-packages (from -r requirements.txt (line 18))
Requirement already satisfied (use --upgrade to upgrade): six==1.10.0 in /var/opt/spotifyvisual/lib/python2.7/site-packages (from -r requirements.txt (line 19))
Requirement already satisfied (use --upgrade to upgrade): urllib3==1.22 in /var/opt/spotifyvisual/lib/python2.7/site-packages (from -r requirements.txt (line 20))
Cleaning up...
Traceback (most recent call last):
  File "manage.py", line 22, in <module>
    execute_from_command_line(sys.argv)
  File "/var/opt/spotifyvisual/local/lib/python2.7/site-packages/django/core/management/__init__.py", line 363, in execute_from_command_line
    utility.execute()
  File "/var/opt/spotifyvisual/local/lib/python2.7/site-packages/django/core/management/__init__.py", line 355, in execute
    self.fetch_command(subcommand).run_from_argv(self.argv)
  File "/var/opt/spotifyvisual/local/lib/python2.7/site-packages/django/core/management/base.py", line 283, in run_from_argv
    self.execute(*args, **cmd_options)
  File "/var/opt/spotifyvisual/local/lib/python2.7/site-packages/django/core/management/base.py", line 330, in execute
    output = self.handle(*args, **options)
  File "/var/opt/spotifyvisual/local/lib/python2.7/site-packages/django/core/management/commands/makemigrations.py", line 110, in handle
    loader.check_consistent_history(connection)
  File "/var/opt/spotifyvisual/local/lib/python2.7/site-packages/django/db/migrations/loader.py", line 282, in check_consistent_history
    applied = recorder.applied_migrations()
  File "/var/opt/spotifyvisual/local/lib/python2.7/site-packages/django/db/migrations/recorder.py", line 65, in applied_migrations
    self.ensure_schema()
  File "/var/opt/spotifyvisual/local/lib/python2.7/site-packages/django/db/migrations/recorder.py", line 52, in ensure_schema
    if self.Migration._meta.db_table in self.connection.introspection.table_names(self.connection.cursor()):
  File "/var/opt/spotifyvisual/local/lib/python2.7/site-packages/django/db/backends/base/base.py", line 254, in cursor
    return self._cursor()
  File "/var/opt/spotifyvisual/local/lib/python2.7/site-packages/django/db/backends/base/base.py", line 229, in _cursor
    self.ensure_connection()
  File "/var/opt/spotifyvisual/local/lib/python2.7/site-packages/django/db/backends/base/base.py", line 213, in ensure_connection
    self.connect()
  File "/var/opt/spotifyvisual/local/lib/python2.7/site-packages/django/db/utils.py", line 94, in __exit__
    six.reraise(dj_exc_type, dj_exc_value, traceback)
  File "/var/opt/spotifyvisual/local/lib/python2.7/site-packages/django/db/backends/base/base.py", line 213, in ensure_connection
    self.connect()
  File "/var/opt/spotifyvisual/local/lib/python2.7/site-packages/django/db/backends/base/base.py", line 189, in connect
    self.connection = self.get_new_connection(conn_params)
  File "/var/opt/spotifyvisual/local/lib/python2.7/site-packages/django/db/backends/postgresql/base.py", line 176, in get_new_connection
    connection = Database.connect(**conn_params)
  File "/var/opt/spotifyvisual/local/lib/python2.7/site-packages/psycopg2/__init__.py", line 130, in connect
    conn = _connect(dsn, connection_factory=connection_factory, **kwasync)
django.db.utils.OperationalError: FATAL:  password authentication failed for user "spotifyvisual"
FATAL:  password authentication failed for user "spotifyvisual"

Traceback (most recent call last):
  File "manage.py", line 22, in <module>
    execute_from_command_line(sys.argv)
  File "/var/opt/spotifyvisual/local/lib/python2.7/site-packages/django/core/management/__init__.py", line 363, in execute_from_command_line
    utility.execute()
  File "/var/opt/spotifyvisual/local/lib/python2.7/site-packages/django/core/management/__init__.py", line 355, in execute
    self.fetch_command(subcommand).run_from_argv(self.argv)
  File "/var/opt/spotifyvisual/local/lib/python2.7/site-packages/django/core/management/base.py", line 283, in run_from_argv
    self.execute(*args, **cmd_options)
  File "/var/opt/spotifyvisual/local/lib/python2.7/site-packages/django/core/management/base.py", line 330, in execute
    output = self.handle(*args, **options)
  File "/var/opt/spotifyvisual/local/lib/python2.7/site-packages/django/core/management/commands/migrate.py", line 83, in handle
    executor = MigrationExecutor(connection, self.migration_progress_callback)
  File "/var/opt/spotifyvisual/local/lib/python2.7/site-packages/django/db/migrations/executor.py", line 20, in __init__
    self.loader = MigrationLoader(self.connection)
  File "/var/opt/spotifyvisual/local/lib/python2.7/site-packages/django/db/migrations/loader.py", line 52, in __init__
    self.build_graph()
  File "/var/opt/spotifyvisual/local/lib/python2.7/site-packages/django/db/migrations/loader.py", line 209, in build_graph
    self.applied_migrations = recorder.applied_migrations()
  File "/var/opt/spotifyvisual/local/lib/python2.7/site-packages/django/db/migrations/recorder.py", line 65, in applied_migrations
    self.ensure_schema()
  File "/var/opt/spotifyvisual/local/lib/python2.7/site-packages/django/db/migrations/recorder.py", line 52, in ensure_schema
    if self.Migration._meta.db_table in self.connection.introspection.table_names(self.connection.cursor()):
  File "/var/opt/spotifyvisual/local/lib/python2.7/site-packages/django/db/backends/base/base.py", line 254, in cursor
    return self._cursor()
  File "/var/opt/spotifyvisual/local/lib/python2.7/site-packages/django/db/backends/base/base.py", line 229, in _cursor
    self.ensure_connection()
  File "/var/opt/spotifyvisual/local/lib/python2.7/site-packages/django/db/backends/base/base.py", line 213, in ensure_connection
    self.connect()
  File "/var/opt/spotifyvisual/local/lib/python2.7/site-packages/django/db/utils.py", line 94, in __exit__
    six.reraise(dj_exc_type, dj_exc_value, traceback)
  File "/var/opt/spotifyvisual/local/lib/python2.7/site-packages/django/db/backends/base/base.py", line 213, in ensure_connection
    self.connect()
  File "/var/opt/spotifyvisual/local/lib/python2.7/site-packages/django/db/backends/base/base.py", line 189, in connect
    self.connection = self.get_new_connection(conn_params)
  File "/var/opt/spotifyvisual/local/lib/python2.7/site-packages/django/db/backends/postgresql/base.py", line 176, in get_new_connection
    connection = Database.connect(**conn_params)
  File "/var/opt/spotifyvisual/local/lib/python2.7/site-packages/psycopg2/__init__.py", line 130, in connect
    conn = _connect(dsn, connection_factory=connection_factory, **kwasync)
django.db.utils.OperationalError: FATAL:  password authentication failed for user "spotifyvisual"
FATAL:  password authentication failed for user "spotifyvisual"

Copying '/var/opt/spotifyvisual/local/lib/python2.7/site-packages/django/contrib/admin/static/admin/img/icon-unknown.svg'
Copying '/var/opt/spotifyvisual/local/lib/python2.7/site-packages/django/contrib/admin/static/admin/img/icon-changelink.svg'
Copying '/var/opt/spotifyvisual/local/lib/python2.7/site-packages/django/contrib/admin/static/admin/img/LICENSE'
Copying '/var/opt/spotifyvisual/local/lib/python2.7/site-packages/django/contrib/admin/static/admin/img/calendar-icons.svg'
Copying '/var/opt/spotifyvisual/local/lib/python2.7/site-packages/django/contrib/admin/static/admin/img/icon-addlink.svg'
Copying '/var/opt/spotifyvisual/local/lib/python2.7/site-packages/django/contrib/admin/static/admin/img/icon-calendar.svg'
Copying '/var/opt/spotifyvisual/local/lib/python2.7/site-packages/django/contrib/admin/static/admin/img/icon-yes.svg'
Copying '/var/opt/spotifyvisual/local/lib/python2.7/site-packages/django/contrib/admin/static/admin/img/icon-alert.svg'
Copying '/var/opt/spotifyvisual/local/lib/python2.7/site-packages/django/contrib/admin/static/admin/img/selector-icons.svg'
Copying '/var/opt/spotifyvisual/local/lib/python2.7/site-packages/django/contrib/admin/static/admin/img/tooltag-add.svg'
Copying '/var/opt/spotifyvisual/local/lib/python2.7/site-packages/django/contrib/admin/static/admin/img/tooltag-arrowright.svg'
Copying '/var/opt/spotifyvisual/local/lib/python2.7/site-packages/django/contrib/admin/static/admin/img/README.txt'
Copying '/var/opt/spotifyvisual/local/lib/python2.7/site-packages/django/contrib/admin/static/admin/img/sorting-icons.svg'
Copying '/var/opt/spotifyvisual/local/lib/python2.7/site-packages/django/contrib/admin/static/admin/img/icon-deletelink.svg'
Copying '/var/opt/spotifyvisual/local/lib/python2.7/site-packages/django/contrib/admin/static/admin/img/icon-unknown-alt.svg'
Copying '/var/opt/spotifyvisual/local/lib/python2.7/site-packages/django/contrib/admin/static/admin/img/icon-clock.svg'
Copying '/var/opt/spotifyvisual/local/lib/python2.7/site-packages/django/contrib/admin/static/admin/img/icon-no.svg'
Copying '/var/opt/spotifyvisual/local/lib/python2.7/site-packages/django/contrib/admin/static/admin/img/search.svg'
Copying '/var/opt/spotifyvisual/local/lib/python2.7/site-packages/django/contrib/admin/static/admin/img/inline-delete.svg'
Copying '/var/opt/spotifyvisual/local/lib/python2.7/site-packages/django/contrib/admin/static/admin/img/gis/move_vertex_on.svg'
Copying '/var/opt/spotifyvisual/local/lib/python2.7/site-packages/django/contrib/admin/static/admin/img/gis/move_vertex_off.svg'
Copying '/var/opt/spotifyvisual/local/lib/python2.7/site-packages/django/contrib/admin/static/admin/js/collapse.min.js'
Copying '/var/opt/spotifyvisual/local/lib/python2.7/site-packages/django/contrib/admin/static/admin/js/prepopulate.min.js'
Copying '/var/opt/spotifyvisual/local/lib/python2.7/site-packages/django/contrib/admin/static/admin/js/inlines.js'
Copying '/var/opt/spotifyvisual/local/lib/python2.7/site-packages/django/contrib/admin/static/admin/js/cancel.js'
Copying '/var/opt/spotifyvisual/local/lib/python2.7/site-packages/django/contrib/admin/static/admin/js/actions.min.js'
Copying '/var/opt/spotifyvisual/local/lib/python2.7/site-packages/django/contrib/admin/static/admin/js/core.js'
Copying '/var/opt/spotifyvisual/local/lib/python2.7/site-packages/django/contrib/admin/static/admin/js/inlines.min.js'
Copying '/var/opt/spotifyvisual/local/lib/python2.7/site-packages/django/contrib/admin/static/admin/js/timeparse.js'
Copying '/var/opt/spotifyvisual/local/lib/python2.7/site-packages/django/contrib/admin/static/admin/js/change_form.js'
Copying '/var/opt/spotifyvisual/local/lib/python2.7/site-packages/django/contrib/admin/static/admin/js/urlify.js'
Copying '/var/opt/spotifyvisual/local/lib/python2.7/site-packages/django/contrib/admin/static/admin/js/actions.js'
Copying '/var/opt/spotifyvisual/local/lib/python2.7/site-packages/django/contrib/admin/static/admin/js/popup_response.js'
Copying '/var/opt/spotifyvisual/local/lib/python2.7/site-packages/django/contrib/admin/static/admin/js/collapse.js'
Copying '/var/opt/spotifyvisual/local/lib/python2.7/site-packages/django/contrib/admin/static/admin/js/prepopulate_init.js'
Copying '/var/opt/spotifyvisual/local/lib/python2.7/site-packages/django/contrib/admin/static/admin/js/prepopulate.js'
Copying '/var/opt/spotifyvisual/local/lib/python2.7/site-packages/django/contrib/admin/static/admin/js/jquery.init.js'
Copying '/var/opt/spotifyvisual/local/lib/python2.7/site-packages/django/contrib/admin/static/admin/js/SelectFilter2.js'
Copying '/var/opt/spotifyvisual/local/lib/python2.7/site-packages/django/contrib/admin/static/admin/js/SelectBox.js'
Copying '/var/opt/spotifyvisual/local/lib/python2.7/site-packages/django/contrib/admin/static/admin/js/calendar.js'
Copying '/var/opt/spotifyvisual/local/lib/python2.7/site-packages/django/contrib/admin/static/admin/js/admin/DateTimeShortcuts.js'
Copying '/var/opt/spotifyvisual/local/lib/python2.7/site-packages/django/contrib/admin/static/admin/js/admin/RelatedObjectLookups.js'
Copying '/var/opt/spotifyvisual/local/lib/python2.7/site-packages/django/contrib/admin/static/admin/js/vendor/jquery/jquery.js'
Copying '/var/opt/spotifyvisual/local/lib/python2.7/site-packages/django/contrib/admin/static/admin/js/vendor/jquery/jquery.min.js'
Copying '/var/opt/spotifyvisual/local/lib/python2.7/site-packages/django/contrib/admin/static/admin/js/vendor/jquery/LICENSE-JQUERY.txt'
Copying '/var/opt/spotifyvisual/local/lib/python2.7/site-packages/django/contrib/admin/static/admin/js/vendor/xregexp/xregexp.js'
Copying '/var/opt/spotifyvisual/local/lib/python2.7/site-packages/django/contrib/admin/static/admin/js/vendor/xregexp/xregexp.min.js'
Copying '/var/opt/spotifyvisual/local/lib/python2.7/site-packages/django/contrib/admin/static/admin/js/vendor/xregexp/LICENSE-XREGEXP.txt'
Copying '/var/opt/spotifyvisual/local/lib/python2.7/site-packages/django/contrib/admin/static/admin/css/widgets.css'
Copying '/var/opt/spotifyvisual/local/lib/python2.7/site-packages/django/contrib/admin/static/admin/css/base.css'
Copying '/var/opt/spotifyvisual/local/lib/python2.7/site-packages/django/contrib/admin/static/admin/css/changelists.css'
Copying '/var/opt/spotifyvisual/local/lib/python2.7/site-packages/django/contrib/admin/static/admin/css/rtl.css'
Copying '/var/opt/spotifyvisual/local/lib/python2.7/site-packages/django/contrib/admin/static/admin/css/forms.css'
Copying '/var/opt/spotifyvisual/local/lib/python2.7/site-packages/django/contrib/admin/static/admin/css/login.css'
Copying '/var/opt/spotifyvisual/local/lib/python2.7/site-packages/django/contrib/admin/static/admin/css/fonts.css'
Copying '/var/opt/spotifyvisual/local/lib/python2.7/site-packages/django/contrib/admin/static/admin/css/dashboard.css'
Copying '/var/opt/spotifyvisual/local/lib/python2.7/site-packages/django/contrib/admin/static/admin/fonts/Roboto-Light-webfont.woff'
Copying '/var/opt/spotifyvisual/local/lib/python2.7/site-packages/django/contrib/admin/static/admin/fonts/README.txt'
Copying '/var/opt/spotifyvisual/local/lib/python2.7/site-packages/django/contrib/admin/static/admin/fonts/Roboto-Regular-webfont.woff'
Copying '/var/opt/spotifyvisual/local/lib/python2.7/site-packages/django/contrib/admin/static/admin/fonts/Roboto-Bold-webfont.woff'
Copying '/var/opt/spotifyvisual/local/lib/python2.7/site-packages/django/contrib/admin/static/admin/fonts/LICENSE.txt'
Copying '/var/opt/spotifyvisual/spotifyvisual/home/static/home/ajax-loader.gif'
Copying '/var/opt/spotifyvisual/spotifyvisual/home/static/home/flare.csv'
Copying '/var/opt/spotifyvisual/spotifyvisual/home/static/home/build.js.map'
Copying '/var/opt/spotifyvisual/spotifyvisual/home/static/home/build.js'
Copying '/var/opt/spotifyvisual/spotifyvisual/home/static/home/main.js'
Copying '/var/opt/spotifyvisual/local/lib/python2.7/site-packages/rest_framework/static/rest_framework/img/grid.png'
Copying '/var/opt/spotifyvisual/local/lib/python2.7/site-packages/rest_framework/static/rest_framework/img/glyphicons-halflings-white.png'
Copying '/var/opt/spotifyvisual/local/lib/python2.7/site-packages/rest_framework/static/rest_framework/img/glyphicons-halflings.png'
Copying '/var/opt/spotifyvisual/local/lib/python2.7/site-packages/rest_framework/static/rest_framework/js/prettify-min.js'
Copying '/var/opt/spotifyvisual/local/lib/python2.7/site-packages/rest_framework/static/rest_framework/js/ajax-form.js'
Copying '/var/opt/spotifyvisual/local/lib/python2.7/site-packages/rest_framework/static/rest_framework/js/csrf.js'
Copying '/var/opt/spotifyvisual/local/lib/python2.7/site-packages/rest_framework/static/rest_framework/js/coreapi-0.1.0.js'
Copying '/var/opt/spotifyvisual/local/lib/python2.7/site-packages/rest_framework/static/rest_framework/js/jquery-1.12.4.min.js'
Copying '/var/opt/spotifyvisual/local/lib/python2.7/site-packages/rest_framework/static/rest_framework/js/bootstrap.min.js'
Copying '/var/opt/spotifyvisual/local/lib/python2.7/site-packages/rest_framework/static/rest_framework/js/default.js'
Copying '/var/opt/spotifyvisual/local/lib/python2.7/site-packages/rest_framework/static/rest_framework/docs/img/grid.png'
Copying '/var/opt/spotifyvisual/local/lib/python2.7/site-packages/rest_framework/static/rest_framework/docs/img/favicon.ico'
Copying '/var/opt/spotifyvisual/local/lib/python2.7/site-packages/rest_framework/static/rest_framework/docs/js/jquery.json-view.min.js'
Copying '/var/opt/spotifyvisual/local/lib/python2.7/site-packages/rest_framework/static/rest_framework/docs/js/api.js'
Copying '/var/opt/spotifyvisual/local/lib/python2.7/site-packages/rest_framework/static/rest_framework/docs/js/highlight.pack.js'
Copying '/var/opt/spotifyvisual/local/lib/python2.7/site-packages/rest_framework/static/rest_framework/docs/js/jquery-1.10.2.min.js'
Copying '/var/opt/spotifyvisual/local/lib/python2.7/site-packages/rest_framework/static/rest_framework/docs/js/bootstrap.min.js'
Copying '/var/opt/spotifyvisual/local/lib/python2.7/site-packages/rest_framework/static/rest_framework/docs/css/base.css'
Copying '/var/opt/spotifyvisual/local/lib/python2.7/site-packages/rest_framework/static/rest_framework/docs/css/jquery.json-view.min.css'
Copying '/var/opt/spotifyvisual/local/lib/python2.7/site-packages/rest_framework/static/rest_framework/docs/css/bootstrap.min.css'
Copying '/var/opt/spotifyvisual/local/lib/python2.7/site-packages/rest_framework/static/rest_framework/docs/css/highlight.css'
Copying '/var/opt/spotifyvisual/local/lib/python2.7/site-packages/rest_framework/static/rest_framework/docs/css/font-awesome-4.0.3.css'
Copying '/var/opt/spotifyvisual/local/lib/python2.7/site-packages/rest_framework/static/rest_framework/docs/css/bootstrap-theme.min.css'
Copying '/var/opt/spotifyvisual/local/lib/python2.7/site-packages/rest_framework/static/rest_framework/docs/fonts/glyphicons-halflings-regular.eot'
Copying '/var/opt/spotifyvisual/local/lib/python2.7/site-packages/rest_framework/static/rest_framework/docs/fonts/fontawesome-webfont.eot'
Copying '/var/opt/spotifyvisual/local/lib/python2.7/site-packages/rest_framework/static/rest_framework/docs/fonts/glyphicons-halflings-regular.woff2'
Copying '/var/opt/spotifyvisual/local/lib/python2.7/site-packages/rest_framework/static/rest_framework/docs/fonts/glyphicons-halflings-regular.svg'
Copying '/var/opt/spotifyvisual/local/lib/python2.7/site-packages/rest_framework/static/rest_framework/docs/fonts/fontawesome-webfont.woff'
Copying '/var/opt/spotifyvisual/local/lib/python2.7/site-packages/rest_framework/static/rest_framework/docs/fonts/glyphicons-halflings-regular.ttf'
Copying '/var/opt/spotifyvisual/local/lib/python2.7/site-packages/rest_framework/static/rest_framework/docs/fonts/fontawesome-webfont.ttf'
Copying '/var/opt/spotifyvisual/local/lib/python2.7/site-packages/rest_framework/static/rest_framework/docs/fonts/glyphicons-halflings-regular.woff'
Copying '/var/opt/spotifyvisual/local/lib/python2.7/site-packages/rest_framework/static/rest_framework/docs/fonts/fontawesome-webfont.svg'
Copying '/var/opt/spotifyvisual/local/lib/python2.7/site-packages/rest_framework/static/rest_framework/css/prettify.css'
Copying '/var/opt/spotifyvisual/local/lib/python2.7/site-packages/rest_framework/static/rest_framework/css/bootstrap.min.css'
Copying '/var/opt/spotifyvisual/local/lib/python2.7/site-packages/rest_framework/static/rest_framework/css/bootstrap-tweaks.css'
Copying '/var/opt/spotifyvisual/local/lib/python2.7/site-packages/rest_framework/static/rest_framework/css/default.css'
Copying '/var/opt/spotifyvisual/local/lib/python2.7/site-packages/rest_framework/static/rest_framework/fonts/glyphicons-halflings-regular.eot'
Copying '/var/opt/spotifyvisual/local/lib/python2.7/site-packages/rest_framework/static/rest_framework/fonts/glyphicons-halflings-regular.woff2'
Copying '/var/opt/spotifyvisual/local/lib/python2.7/site-packages/rest_framework/static/rest_framework/fonts/glyphicons-halflings-regular.svg'
Copying '/var/opt/spotifyvisual/local/lib/python2.7/site-packages/rest_framework/static/rest_framework/fonts/glyphicons-halflings-regular.ttf'
Copying '/var/opt/spotifyvisual/local/lib/python2.7/site-packages/rest_framework/static/rest_framework/fonts/glyphicons-halflings-regular.woff'

107 static files copied to '/var/opt/spotifyvisual/spotifyvisual/site_media'.
find: missing argument to `-exec'
find: missing argument to `-exec'
